assets/icon/build/app/intermediates/manifest_merge_blame_file/debug/manifest-merger-blame-debug-report.txt
1<?xml version="1.0" encoding="utf-8"?>
2<manifest xmlns:android="http://schemas.android.com/apk/res/android"
3    package="com.example.zee_home"
4    android:versionCode="1"
5    android:versionName="0.1.0" >
6
7    <uses-sdk
8        android:minSdkVersion="20"
9        android:targetSdkVersion="33" />
10    <!--
11         The INTERNET permission is required for development. Specifically,
12         the Flutter tool needs it to communicate with the running application
13         to allow setting breakpoints, to provide hot reload, etc.
14    -->
15    <uses-permission android:name="android.permission.INTERNET" />
15-->src\debug\AndroidManifest.xml:7:5-66
15-->src\debug\AndroidManifest.xml:7:22-64
16
17    <queries>
17-->src\main\AndroidManifest.xml:36:5-46:15
18        <intent>
18-->src\main\AndroidManifest.xml:37:9-40:18
19            <action android:name="android.intent.action.VIEW" />
19-->src\main\AndroidManifest.xml:38:13-65
19-->src\main\AndroidManifest.xml:38:21-62
20
21            <data android:scheme="sms" />
21-->src\main\AndroidManifest.xml:39:13-42
21-->src\main\AndroidManifest.xml:39:19-39
22        </intent>
23        <!-- If your app checks for call support -->
24        <intent>
24-->src\main\AndroidManifest.xml:42:9-45:18
25            <action android:name="android.intent.action.VIEW" />
25-->src\main\AndroidManifest.xml:38:13-65
25-->src\main\AndroidManifest.xml:38:21-62
26
27            <data android:scheme="tel" />
27-->src\main\AndroidManifest.xml:39:13-42
27-->src\main\AndroidManifest.xml:39:19-39
28        </intent>
29        <intent>
29-->[:file_picker] AndroidManifest.xml:12:9-16:18
30            <action android:name="android.intent.action.GET_CONTENT" />
30-->[:file_picker] AndroidManifest.xml:13:13-72
30-->[:file_picker] AndroidManifest.xml:13:21-69
31
32            <data android:mimeType="*/*" />
32-->src\main\AndroidManifest.xml:39:13-42
33        </intent> <!-- Needs to be explicitly declared on Android R+ -->
34        <package android:name="com.google.android.apps.maps" />
34-->[com.google.android.gms:play-services-maps:18.1.0] AndroidManifest.xml:33:9-64
34-->[com.google.android.gms:play-services-maps:18.1.0] AndroidManifest.xml:33:18-61
35    </queries>
36
37    <uses-permission android:name="android.permission.READ_EXTERNAL_STORAGE" />
37-->[:file_picker] AndroidManifest.xml:9:5-80
37-->[:file_picker] AndroidManifest.xml:9:22-77
38    <uses-permission android:name="android.permission.ACCESS_COARSE_LOCATION" />
38-->[:location] AndroidManifest.xml:9:5-81
38-->[:location] AndroidManifest.xml:9:22-78
39    <uses-permission android:name="android.permission.ACCESS_FINE_LOCATION" /> <!-- Include required permissions for Google Maps API to run. -->
39-->[:location] AndroidManifest.xml:10:5-79
39-->[:location] AndroidManifest.xml:10:22-76
40    <uses-permission android:name="android.permission.ACCESS_NETWORK_STATE" />
40-->[com.google.android.gms:play-services-maps:18.1.0] AndroidManifest.xml:23:5-79
40-->[com.google.android.gms:play-services-maps:18.1.0] AndroidManifest.xml:23:22-76
41
42    <uses-feature
42-->[com.google.android.gms:play-services-maps:18.1.0] AndroidManifest.xml:26:5-28:35
43        android:glEsVersion="0x00020000"
43-->[com.google.android.gms:play-services-maps:18.1.0] AndroidManifest.xml:27:9-41
44        android:required="true" />
44-->[com.google.android.gms:play-services-maps:18.1.0] AndroidManifest.xml:28:9-32
45
46    <application
47        android:name="android.app.Application"
48        android:appComponentFactory="androidx.core.app.CoreComponentFactory"
48-->[androidx.core:core:1.6.0] AndroidManifest.xml:24:18-86
49        android:debuggable="true"
50        android:icon="@mipmap/launcher_icon"
51        android:label="Zee Home" >
52        <meta-data
53            android:name="com.google.android.geo.API_KEY"
54            android:value="AIzaSyAT-29Vo1xQZU4nCKMCgvKfRivVJ2KkHhU" />
55
56        <activity
57            android:name="com.example.zee_home.MainActivity"
58            android:configChanges="orientation|keyboardHidden|keyboard|screenSize|smallestScreenSize|locale|layoutDirection|fontScale|screenLayout|density|uiMode"
59            android:exported="true"
60            android:hardwareAccelerated="true"
61            android:launchMode="singleTop"
62            android:theme="@style/LaunchTheme"
63            android:windowSoftInputMode="adjustResize" >
64
65            <!--
66                 Specifies an Android theme to apply to this Activity as soon as
67                 the Android process has started. This theme is visible to the user
68                 while the Flutter UI initializes. After that, this theme continues
69                 to determine the Window background behind the Flutter UI.
70            -->
71            <meta-data
72                android:name="io.flutter.embedding.android.NormalTheme"
73                android:resource="@style/NormalTheme" />
74
75            <intent-filter>
76                <action android:name="android.intent.action.MAIN" />
77
78                <category android:name="android.intent.category.LAUNCHER" />
79            </intent-filter>
80        </activity>
81        <!--
82             Don't delete the meta-data below.
83             This is used by the Flutter tool to generate GeneratedPluginRegistrant.java
84        -->
85        <meta-data
86            android:name="flutterEmbedding"
87            android:value="2" />
88
89        <activity
89-->[:url_launcher_android] AndroidManifest.xml:10:9-13:74
90            android:name="io.flutter.plugins.urllauncher.WebViewActivity"
90-->[:url_launcher_android] AndroidManifest.xml:11:13-74
91            android:exported="false"
91-->[:url_launcher_android] AndroidManifest.xml:12:13-37
92            android:theme="@android:style/Theme.NoTitleBar.Fullscreen" />
92-->[:url_launcher_android] AndroidManifest.xml:13:13-71
93
94        <service
94-->[:location] AndroidManifest.xml:13:9-17:56
95            android:name="com.lyokone.location.FlutterLocationService"
95-->[:location] AndroidManifest.xml:14:13-71
96            android:enabled="true"
96-->[:location] AndroidManifest.xml:15:13-35
97            android:exported="false"
97-->[:location] AndroidManifest.xml:16:13-37
98            android:foregroundServiceType="location" />
98-->[:location] AndroidManifest.xml:17:13-53
99
100        <uses-library
100-->[androidx.window:window:1.0.0-beta04] AndroidManifest.xml:25:9-27:40
101            android:name="androidx.window.extensions"
101-->[androidx.window:window:1.0.0-beta04] AndroidManifest.xml:26:13-54
102            android:required="false" />
102-->[androidx.window:window:1.0.0-beta04] AndroidManifest.xml:27:13-37
103        <uses-library
103-->[androidx.window:window:1.0.0-beta04] AndroidManifest.xml:28:9-30:40
104            android:name="androidx.window.sidecar"
104-->[androidx.window:window:1.0.0-beta04] AndroidManifest.xml:29:13-51
105            android:required="false" /> <!-- Needs to be explicitly declared on P+ -->
105-->[androidx.window:window:1.0.0-beta04] AndroidManifest.xml:30:13-37
106        <uses-library
106-->[com.google.android.gms:play-services-maps:18.1.0] AndroidManifest.xml:39:9-41:40
107            android:name="org.apache.http.legacy"
107-->[com.google.android.gms:play-services-maps:18.1.0] AndroidManifest.xml:40:13-50
108            android:required="false" />
108-->[com.google.android.gms:play-services-maps:18.1.0] AndroidManifest.xml:41:13-37
109
110        <activity
110-->[com.google.android.gms:play-services-base:18.0.1] AndroidManifest.xml:20:9-22:45
111            android:name="com.google.android.gms.common.api.GoogleApiActivity"
111-->[com.google.android.gms:play-services-base:18.0.1] AndroidManifest.xml:20:19-85
112            android:exported="false"
112-->[com.google.android.gms:play-services-base:18.0.1] AndroidManifest.xml:22:19-43
113            android:theme="@android:style/Theme.Translucent.NoTitleBar" />
113-->[com.google.android.gms:play-services-base:18.0.1] AndroidManifest.xml:21:19-78
114
115        <meta-data
115-->[com.google.android.gms:play-services-basement:18.0.0] AndroidManifest.xml:21:9-23:69
116            android:name="com.google.android.gms.version"
116-->[com.google.android.gms:play-services-basement:18.0.0] AndroidManifest.xml:22:13-58
117            android:value="@integer/google_play_services_version" />
117-->[com.google.android.gms:play-services-basement:18.0.0] AndroidManifest.xml:23:13-66
118    </application>
119
120</manifest>